proguard/seeds.txt
com.nanrentiaoba.yu.main.AgileBuddyActivity
com.nanrentiaoba.yu.main.AgileBuddyActivity: AgileBuddyActivity()
com.nanrentiaoba.yu.main.AgileBuddyView
com.nanrentiaoba.yu.main.AgileBuddyView: AgileBuddyView(android.content.Context,android.util.AttributeSet)
com.nanrentiaoba.yu.main.GlobalRankingActivity
com.nanrentiaoba.yu.main.GlobalRankingActivity: GlobalRankingActivity()
com.nanrentiaoba.yu.main.Prefs
com.nanrentiaoba.yu.main.Prefs: Prefs()
com.nanrentiaoba.yu.main.Prefs: void onClick(android.view.View)
com.nanrentiaoba.yu.main.R$attr
com.nanrentiaoba.yu.main.R$attr: int adSize
com.nanrentiaoba.yu.main.R$attr: int adSizes
com.nanrentiaoba.yu.main.R$attr: int adUnitId
com.nanrentiaoba.yu.main.R$attr: int backgroundColor
com.nanrentiaoba.yu.main.R$attr: int cameraBearing
com.nanrentiaoba.yu.main.R$attr: int cameraTargetLat
com.nanrentiaoba.yu.main.R$attr: int cameraTargetLng
com.nanrentiaoba.yu.main.R$attr: int cameraTilt
com.nanrentiaoba.yu.main.R$attr: int cameraZoom
com.nanrentiaoba.yu.main.R$attr: int keywords
com.nanrentiaoba.yu.main.R$attr: int mapType
com.nanrentiaoba.yu.main.R$attr: int primaryTextColor
com.nanrentiaoba.yu.main.R$attr: int refreshInterval
com.nanrentiaoba.yu.main.R$attr: int secondaryTextColor
com.nanrentiaoba.yu.main.R$attr: int testing
com.nanrentiaoba.yu.main.R$attr: int uiCompass
com.nanrentiaoba.yu.main.R$attr: int uiRotateGestures
com.nanrentiaoba.yu.main.R$attr: int uiScrollGestures
com.nanrentiaoba.yu.main.R$attr: int uiTiltGestures
com.nanrentiaoba.yu.main.R$attr: int uiZoomControls
com.nanrentiaoba.yu.main.R$attr: int uiZoomGestures
com.nanrentiaoba.yu.main.R$attr: int useViewLifecycle
com.nanrentiaoba.yu.main.R$attr: int zOrderOnTop
com.nanrentiaoba.yu.main.R$attr: R$attr()
com.nanrentiaoba.yu.main.R$color
com.nanrentiaoba.yu.main.R$color: int common_action_bar_splitter
com.nanrentiaoba.yu.main.R$color: int common_signin_btn_dark_text_default
com.nanrentiaoba.yu.main.R$color: int common_signin_btn_dark_text_disabled
com.nanrentiaoba.yu.main.R$color: int common_signin_btn_dark_text_focused
com.nanrentiaoba.yu.main.R$color: int common_signin_btn_dark_text_pressed
com.nanrentiaoba.yu.main.R$color: int common_signin_btn_default_background
com.nanrentiaoba.yu.main.R$color: int common_signin_btn_light_text_default
com.nanrentiaoba.yu.main.R$color: int common_signin_btn_light_text_disabled
com.nanrentiaoba.yu.main.R$color: int common_signin_btn_light_text_focused
com.nanrentiaoba.yu.main.R$color: int common_signin_btn_light_text_pressed
com.nanrentiaoba.yu.main.R$color: int common_signin_btn_text_dark
com.nanrentiaoba.yu.main.R$color: int common_signin_btn_text_light
com.nanrentiaoba.yu.main.R$color: R$color()
...
com.google.android.gms.appstate.AppStateClient$3
com.google.android.gms.appstate.AppStateClient$3: com.google.android.gms.appstate.AppStateClient jw
com.google.android.gms.appstate.AppStateClient$3: AppStateClient$3(com.google.android.gms.appstate.AppStateClient)
com.google.android.gms.appstate.AppStateClient$3: void a(com.google.android.gms.common.api.Status)
com.google.android.gms.appstate.AppStateClient$3: void a(java.lang.Object)
com.google.android.gms.appstate.AppStateClient$4
com.google.android.gms.appstate.AppStateClient$4: com.google.android.gms.appstate.OnSignOutCompleteListener jy
com.google.android.gms.appstate.AppStateClient$4: com.google.android.gms.appstate.AppStateClient jw
com.google.android.gms.appstate.AppStateClient$4: AppStateClient$4(com.google.android.gms.appstate.AppStateClient,com.google.android.gms.appstate.OnSignOutCompleteListener)
com.google.android.gms.appstate.AppStateClient$4: void a(com.google.android.gms.common.api.Status)
com.google.android.gms.appstate.AppStateClient$4: void a(java.lang.Object)
com.google.android.gms.appstate.AppStateClient$Builder
com.google.android.gms.appstate.AppStateClient$Builder: java.lang.String[] jz
com.google.android.gms.appstate.AppStateClient$Builder: android.content.Context mContext
com.google.android.gms.appstate.AppStateClient$Builder: com.google.android.gms.common.GooglePlayServicesClient$ConnectionCallbacks jA
com.google.android.gms.appstate.AppStateClient$Builder: com.google.android.gms.common.GooglePlayServicesClient$OnConnectionFailedListener jB
com.google.android.gms.appstate.AppStateClient$Builder: java.lang.String[] jC
com.google.android.gms.appstate.AppStateClient$Builder: java.lang.String jD
com.google.android.gms.appstate.AppStateClient$Builder: AppStateClient$Builder(android.content.Context,com.google.android.gms.common.GooglePlayServicesClient$ConnectionCallbacks,com.google.android.gms.common.GooglePlayServicesClient$OnConnectionFailedListener)
com.google.android.gms.appstate.AppStateClient$Builder: com.google.android.gms.appstate.AppStateClient$Builder setScopes(java.lang.String[])
com.google.android.gms.appstate.AppStateClient$Builder: com.google.android.gms.appstate.AppStateClient$Builder setAccountName(java.lang.String)
com.google.android.gms.appstate.AppStateClient$Builder: com.google.android.gms.appstate.AppStateClient create()
com.google.android.gms.appstate.AppStateClient$Builder: void <clinit>()
com.google.android.gms.appstate.AppStateClient$a
com.google.android.gms.appstate.AppStateClient$a: com.google.android.gms.appstate.OnStateLoadedListener jE
com.google.android.gms.appstate.AppStateClient$a: AppStateClient$a(com.google.android.gms.appstate.OnStateLoadedListener)
com.google.android.gms.appstate.AppStateClient$a: void a(com.google.android.gms.appstate.b$e)
com.google.android.gms.appstate.AppStateClient$a: void a(java.lang.Object)
com.google.android.gms.appstate.OnSignOutCompleteListener
com.google.android.gms.appstate.OnSignOutCompleteListener: void onSignOutComplete()
com.google.android.gms.appstate.OnStateDeletedListener
com.google.android.gms.appstate.OnStateDeletedListener: void onStateDeleted(int,int)
com.google.android.gms.appstate.OnStateListLoadedListener
com.google.android.gms.appstate.OnStateListLoadedListener: void onStateListLoaded(int,com.google.android.gms.appstate.AppStateBuffer)
com.google.android.gms.appstate.OnStateLoadedListener
com.google.android.gms.appstate.OnStateLoadedListener: void onStateLoaded(int,int,byte[])
com.google.android.gms.appstate.OnStateLoadedListener: void onStateConflict(int,java.lang.String,byte[],byte[])