proguard/mapping.txt
com.nanrentiaoba.yu.main.AgileBuddyActivity -> com.nanrentiaoba.yu.main.AgileBuddyActivity:
    com.nanrentiaoba.yu.main.AgileBuddyView mAgileBuddyView -> a
    android.hardware.SensorManager mSensorManager -> b
    android.hardware.Sensor mSensor -> c
    android.hardware.SensorEventListener mSensorEventListener -> d
    void onCreate(android.os.Bundle) -> onCreate
    void finish() -> finish
    com.nanrentiaoba.yu.main.AgileBuddyView access$0(com.nanrentiaoba.yu.main.AgileBuddyActivity) -> a
com.nanrentiaoba.yu.main.AgileBuddyActivity$1 -> com.nanrentiaoba.yu.main.a:
    com.nanrentiaoba.yu.main.AgileBuddyActivity this$0 -> a
    void onSensorChanged(android.hardware.SensorEvent) -> onSensorChanged
    void onAccuracyChanged(android.hardware.Sensor,int) -> onAccuracyChanged
com.nanrentiaoba.yu.main.AgileBuddyView -> com.nanrentiaoba.yu.main.AgileBuddyView:
    com.nanrentiaoba.yu.main.AgileBuddyView$AgileThread mUIThread -> a
    android.content.Context mContext -> b
    android.os.Handler mHandler -> c
    org.yugame.data.ScreenAttribute mScreenAttribute -> d
    int mActionPower -> e
    boolean mVibratorFlag -> f
    android.os.Vibrator mVibrator -> g
    boolean mSoundsFlag -> h
    android.media.SoundPool soundPool -> i
    java.util.HashMap soundPoolMap -> j
    android.graphics.Bitmap mBackgroundImage -> k
    android.graphics.Bitmap mRoleStandImage -> l
    android.graphics.Bitmap mRoleDeadmanImage -> m
    android.graphics.Bitmap mRoleFreefallImage1 -> n
    android.graphics.Bitmap mRoleFreefallImage2 -> o
    android.graphics.Bitmap mRoleFreefallImage3 -> p
    android.graphics.Bitmap mRoleFreefallImage4 -> q
    android.graphics.Bitmap mRoleMovingLeftImage1 -> r
    android.graphics.Bitmap mRoleMovingLeftImage2 -> s
    android.graphics.Bitmap mRoleMovingLeftImage3 -> t
    android.graphics.Bitmap mRoleMovingLeftImage4 -> u
    android.graphics.Bitmap mRoleMovingRightImage1 -> v
    android.graphics.Bitmap mRoleMovingRightImage2 -> w
    android.graphics.Bitmap mRoleMovingRightImage3 -> x
    android.graphics.Bitmap mRoleMovingRightImage4 -> y
    android.graphics.Bitmap mFootboardNormalImage -> z
    android.graphics.Bitmap mFootboardUnstableImage1 -> A
com.nanrentiaoba.yu.main.AgileBuddyView$1 -> com.nanrentiaoba.yu.main.b:
    com.nanrentiaoba.yu.main.AgileBuddyView this$0 -> a
    void handleMessage(android.os.Message) -> handleMessage
    com.nanrentiaoba.yu.main.AgileBuddyView access$0(com.nanrentiaoba.yu.main.AgileBuddyView$1) -> a
com.nanrentiaoba.yu.main.AgileBuddyView$1$1 -> com.nanrentiaoba.yu.main.c:
    com.nanrentiaoba.yu.main.AgileBuddyView$1 this$1 -> a
    android.app.AlertDialog val$dialog -> b
    void onClick(android.view.View) -> onClick
com.nanrentiaoba.yu.main.AgileBuddyView$1$2 -> com.nanrentiaoba.yu.main.d:
    com.nanrentiaoba.yu.main.AgileBuddyView$1 this$1 -> a
    android.app.AlertDialog val$dialog -> b
    void onClick(android.view.View) -> onClick
com.nanrentiaoba.yu.main.AgileBuddyView$AgileThread -> com.nanrentiaoba.yu.main.e:
    android.view.SurfaceHolder mSurfaceHolder -> b
    android.content.Context mContext -> c
    android.os.Handler mHandler -> d
    boolean mRun -> e
    org.yugame.material.UIModel mUIModel -> f
    long mTimeLogger -> g
    com.nanrentiaoba.yu.main.AgileBuddyView this$0 -> a
    void run() -> run
    void initUIModel(org.yugame.data.ScreenAttribute) -> a
    void handleMoving(float) -> a
    void setRunning(boolean) -> a
com.nanrentiaoba.yu.main.BackgroundView -> com.nanrentiaoba.yu.main.f:
    android.graphics.Bitmap bmpBackGround1 -> a
    android.graphics.Bitmap bmpBackGround2 -> b
    int bg1x -> c
    int bg1y -> d
    int bg2x -> e
    int bg2y -> f
    int speed -> g
    int screenH -> h
    void draw$3b5c53a5(android.graphics.Canvas) -> a
    void logic() -> a
...
com.google.android.gms.internal.gi$a -> com.google.android.gms.internal.gi$a:
    com.google.android.gms.internal.gi ao(android.os.IBinder) -> ao
    android.os.IBinder asBinder() -> asBinder
    boolean onTransact(int,android.os.Parcel,android.os.Parcel,int) -> onTransact
com.google.android.gms.internal.gi$a$a -> com.google.android.gms.internal.gi$a$a:
    android.os.IBinder dU -> dU
    android.os.IBinder asBinder() -> asBinder
    void a(int,android.os.Bundle,int,android.content.Intent) -> a
com.google.android.gms.internal.gj -> com.google.android.gms.internal.gj:
    void a(com.google.android.gms.internal.gi,android.net.Uri,android.os.Bundle,boolean) -> a
com.google.android.gms.internal.gj$a -> com.google.android.gms.internal.gj$a:
    com.google.android.gms.internal.gj ap(android.os.IBinder) -> ap
    boolean onTransact(int,android.os.Parcel,android.os.Parcel,int) -> onTransact
com.google.android.gms.internal.gj$a$a -> com.google.android.gms.internal.gj$a$a:
    android.os.IBinder dU -> dU
    android.os.IBinder asBinder() -> asBinder
    void a(com.google.android.gms.internal.gi,android.net.Uri,android.os.Bundle,boolean) -> a
com.google.android.gms.internal.gk -> com.google.android.gms.internal.gk:
    void a(com.google.android.gms.common.api.a$c,android.net.Uri,boolean) -> a
    void a(com.google.android.gms.internal.gk$b,android.net.Uri,android.os.Bundle,boolean) -> a
    com.google.android.gms.internal.gj aq(android.os.IBinder) -> aq
    java.lang.String an() -> an
    java.lang.String am() -> am
    void a(com.google.android.gms.internal.dq,com.google.android.gms.internal.dk$d) -> a
    android.os.IInterface p(android.os.IBinder) -> p
com.google.android.gms.internal.gk$a -> com.google.android.gms.internal.gk$a:
    com.google.android.gms.common.api.Status zf -> zf
    int type -> type
    android.content.Intent zg -> zg
    com.google.android.gms.internal.gk zh -> zh
    void c(com.google.android.gms.common.api.a$c) -> c
    void aQ() -> aQ
    com.google.android.gms.common.api.Status getStatus() -> getStatus
    android.content.Intent eo() -> eo
    void b(java.lang.Object) -> b
com.google.android.gms.internal.gk$b -> com.google.android.gms.internal.gk$b:
    com.google.android.gms.common.api.a$c zi -> zi
    com.google.android.gms.common.api.a$c zj -> zj
    android.net.Uri zk -> zk
    com.google.android.gms.internal.gk zh -> zh
    void a(int,android.os.Bundle,int,android.content.Intent) -> a
com.google.android.gms.internal.gk$c -> com.google.android.gms.internal.gk$c:
    com.google.android.gms.common.api.Status zf -> zf
    android.content.Intent zg -> zg
    com.google.android.gms.internal.gk zh -> zh
    void c(com.google.android.gms.common.api.a$c) -> c
    void aQ() -> aQ
    com.google.android.gms.common.api.Status getStatus() -> getStatus
    android.content.Intent eo() -> eo
    void b(java.lang.Object) -> b
com.google.android.gms.internal.gl -> com.google.android.gms.internal.gl:
    void a(int,android.os.Bundle,android.os.Bundle) -> a
    void a(int,android.os.Bundle,android.os.ParcelFileDescriptor) -> a
    void ah(java.lang.String) -> ah
    void a(com.google.android.gms.common.data.DataHolder,java.lang.String) -> a
    void a(int,android.os.Bundle,com.google.android.gms.internal.ek) -> a
    void a(com.google.android.gms.common.data.DataHolder,java.lang.String,java.lang.String) -> a
    void b(int,android.os.Bundle) -> b
    void ai(java.lang.String) -> ai
    void a(int,com.google.android.gms.internal.ha) -> a