proguard/usage.txt
com.nanrentiaoba.yu.main.AgileBuddyView:
    private static final java.lang.String HANDLE_MESSAGE_GAME_SCORE
    300:303:private void showToast(int)
com.nanrentiaoba.yu.main.BuildConfig
com.nanrentiaoba.yu.main.Global
com.nanrentiaoba.yu.main.R:
    10:10:public R()
com.nanrentiaoba.yu.main.ScoreUpgrateService$ScoreUpgrateServiceBinder:
    130:130:public com.nanrentiaoba.yu.main.ScoreUpgrateService getService()
com.nanrentiaoba.yu.main.Splash:
    android.widget.RelativeLayout mAdContainer1
...
org.ksoap2.transport.HttpsTransportSE
org.ksoap2.transport.KeepAliveHttpTransportSE
org.ksoap2.transport.KeepAliveHttpsTransportSE
org.ksoap2.transport.ServiceConnection:
    public static final int DEFAULT_TIMEOUT
    public static final int DEFAULT_BUFFER_SIZE
    public abstract void connect()
    public abstract java.lang.String getHost()
    public abstract int getPort()
    public abstract java.lang.String getPath()
org.ksoap2.transport.ServiceConnectionSE:
    47:48:public ServiceConnectionSE(java.lang.String)
    51:52:public ServiceConnectionSE(java.net.Proxy,java.lang.String)
    61:62:public ServiceConnectionSE(java.lang.String,int)
    76:77:public void connect()
    138:138:public java.lang.String getHost()
    142:142:public int getPort()
    146:146:public java.lang.String getPath()
org.ksoap2.transport.Transport:
    protected static final java.lang.String CONTENT_TYPE_XML_CHARSET_UTF_8
    protected static final java.lang.String CONTENT_TYPE_SOAP_XML_CHARSET_UTF_8
    protected static final java.lang.String USER_AGENT
    67:68:public Transport()
    71:72:public Transport(java.lang.String)
    79:83:public Transport(java.lang.String,int,int)
    93:96:public Transport(java.net.Proxy,java.lang.String)
    98:102:public Transport(java.net.Proxy,java.lang.String,int)
    104:109:public Transport(java.net.Proxy,java.lang.String,int,int)
    148:148:protected byte[] createRequestData(org.ksoap2.SoapEnvelope)
    158:159:public void setUrl(java.lang.String)
    169:170:public void setXmlVersionTag(java.lang.String)
    176:176:public void reset()
    public abstract java.util.List call(java.lang.String,org.ksoap2.SoapEnvelope,java.util.List,java.io.File)
    237:237:public java.lang.String getHost()
    247:247:public int getPort()
    257:257:public java.lang.String getPath()
    public abstract org.ksoap2.transport.ServiceConnection getServiceConnection()
org.kxml2.io.KXmlParser:
    private static final java.lang.String UNEXPECTED_EOF
    private static final java.lang.String ILLEGAL_TYPE
    private static final int LEGACY
    private static final int XML_DECL
    1436:1447:public void skipSubTree()
org.kxml2.kdom.Document
org.kxml2.kdom.Element:
    59:61:public void clear()
    102:108:public java.lang.String getAttributeValue(java.lang.String,java.lang.String)
    117:124:public org.kxml2.kdom.Node getRoot()
    146:152:public java.lang.String getNamespaceUri(java.lang.String)
    161:161:public int getNamespaceCount()
    178:178:public org.kxml2.kdom.Node getParent()
    280:281:public void setName(java.lang.String)
    290:293:public void setNamespace(java.lang.String)
org.kxml2.kdom.Node:
    public static final int DOCUMENT
    public static final int ELEMENT
    public static final int TEXT
    public static final int CDSECT
    public static final int ENTITY_REF
    public static final int IGNORABLE_WHITESPACE
    public static final int PROCESSING_INSTRUCTION
    public static final int COMMENT
    public static final int DOCDECL
    275:288:public void removeChild(int)
org.kxml2.wap.Wbxml
org.kxml2.wap.WbxmlParser
org.kxml2.wap.WbxmlSerializer
org.kxml2.wap.syncml.SyncML
org.kxml2.wap.wml.Wml
org.kxml2.wap.wv.WV